2020-08-11 12:51:21,625 [Worker-1: Loading available Gradle versions] INFO  o.e.b.c.i.u.g.PublishedGradleVersions - Gradle version information cache is up-to-date. Trying to read.
2020-08-11 12:56:02,659 [main] INFO  org.eclipse.jetty.util.log - Logging initialized @53939ms to org.eclipse.jetty.util.log.Slf4jLog
2020-08-11 12:56:02,864 [main] INFO  org.eclipse.jetty.server.Server - jetty-9.4.29.v20200521; built: 2020-05-27T11:26:53.365Z; git: 77c232aed8a45c818fd27232278d9f95a021095e; jvm 1.8.0_251-b08
2020-08-11 12:56:02,889 [main] INFO  org.eclipse.jetty.server.session - DefaultSessionIdManager workerName=node0
2020-08-11 12:56:02,889 [main] INFO  org.eclipse.jetty.server.session - No SessionScavenger set, using defaults
2020-08-11 12:56:02,890 [main] INFO  org.eclipse.jetty.server.session - node0 Scavenging every 660000ms
2020-08-11 12:56:02,910 [main] INFO  o.e.j.server.handler.ContextHandler - Started o.e.j.s.ServletContextHandler@6eb506d0{/wse,null,AVAILABLE}
2020-08-11 12:56:02,923 [main] INFO  o.e.jetty.server.AbstractConnector - Started ServerConnector@750e313c{HTTP/1.1, (http/1.1)}{0.0.0.0:55753}
2020-08-11 12:56:02,923 [main] INFO  org.eclipse.jetty.server.Server - Started @54221ms
2020-08-11 12:56:02,923 [main] INFO  org.eclipse.jetty.server.session - node0 Scavenging every 660000ms
2020-08-11 13:01:03,600 [Framework stop - Equinox Container: 03f4ef30-7d7a-4ef7-afbd-54b28ef29271] INFO  o.e.jetty.server.AbstractConnector - Stopped ServerConnector@750e313c{HTTP/1.1, (http/1.1)}{0.0.0.0:0}
2020-08-11 13:01:03,600 [Framework stop - Equinox Container: 03f4ef30-7d7a-4ef7-afbd-54b28ef29271] INFO  org.eclipse.jetty.server.session - node0 Stopped scavenging
2020-08-11 13:01:03,638 [Framework stop - Equinox Container: 03f4ef30-7d7a-4ef7-afbd-54b28ef29271] INFO  o.e.j.server.handler.ContextHandler - Stopped o.e.j.s.ServletContextHandler@6eb506d0{/wse,null,UNAVAILABLE}
2020-08-11 13:03:18,824 [Worker-20: Loading available Gradle versions] INFO  o.e.b.c.i.u.g.PublishedGradleVersions - Gradle version information cache is up-to-date. Trying to read.
2020-08-12 09:36:46,932 [Worker-4: Loading available Gradle versions] INFO  o.e.b.c.i.u.g.PublishedGradleVersions - Gradle version information cache is out-of-date. Trying to update.
2020-08-12 16:27:08,222 [Worker-4: Loading available Gradle versions] INFO  o.e.b.c.i.u.g.PublishedGradleVersions - Gradle version information cache is up-to-date. Trying to read.
2020-08-13 09:40:34,605 [Worker-5: Loading available Gradle versions] INFO  o.e.b.c.i.u.g.PublishedGradleVersions - Gradle version information cache is out-of-date. Trying to update.
2020-08-13 13:07:18,598 [Worker-3: Loading available Gradle versions] INFO  o.e.b.c.i.u.g.PublishedGradleVersions - Gradle version information cache is up-to-date. Trying to read.
2020-08-13 13:13:24,292 [Worker-10: Loading available Gradle versions] INFO  o.e.b.c.i.u.g.PublishedGradleVersions - Gradle version information cache is up-to-date. Trying to read.
2020-08-14 09:39:22,059 [Worker-9: Loading available Gradle versions] INFO  o.e.b.c.i.u.g.PublishedGradleVersions - Gradle version information cache is up-to-date. Trying to read.
2020-08-14 16:02:41,568 [Worker-12: Loading available Gradle versions] INFO  o.e.b.c.i.u.g.PublishedGradleVersions - Gradle version information cache is out-of-date. Trying to update.
2020-08-14 16:36:02,606 [Worker-2: Loading available Gradle versions] INFO  o.e.b.c.i.u.g.PublishedGradleVersions - Gradle version information cache is up-to-date. Trying to read.
2020-08-14 17:46:18,178 [Worker-3: Loading available Gradle versions] INFO  o.e.b.c.i.u.g.PublishedGradleVersions - Gradle version information cache is up-to-date. Trying to read.
2020-08-18 09:40:15,639 [Worker-17: Loading available Gradle versions] INFO  o.e.b.c.i.u.g.PublishedGradleVersions - Gradle version information cache is out-of-date. Trying to update.
2020-08-19 09:35:25,224 [Worker-20: Loading available Gradle versions] INFO  o.e.b.c.i.u.g.PublishedGradleVersions - Gradle version information cache is up-to-date. Trying to read.
2020-08-20 12:14:25,810 [Worker-72: Loading available Gradle versions] INFO  o.e.b.c.i.u.g.PublishedGradleVersions - Gradle version information cache is out-of-date. Trying to update.
